TN:
SF:src\modules\appointments\services\CreateAppointmentService.ts
FN:53,__decorate
FN:53,__metadata
FN:53,__param
FN:53,__awaiter
FN:53,adopt
FN:53,fulfilled
FN:53,rejected
FN:53,step
FN:53,__generator
FN:53,sent
FN:53,g.<computed>
FN:53,verb
FN:53,step
FN:53,__importDefault
FN:27,CreateAppointmentService
FN:32,CreateAppointmentService.execute
FNF:16
FNH:14
FNDA:1,__decorate
FNDA:1,__metadata
FNDA:1,__param
FNDA:3,__awaiter
FNDA:5,adopt
FNDA:5,fulfilled
FNDA:0,rejected
FNDA:7,step
FNDA:3,__generator
FNDA:5,sent
FNDA:0,g.<computed>
FNDA:9,verb
FNDA:8,step
FNDA:1,__importDefault
FNDA:2,CreateAppointmentService
FNDA:3,CreateAppointmentService.execute
DA:1,1
DA:2,1
DA:3,1
DA:4,1
DA:5,1
DA:6,1
DA:7,1
DA:8,1
DA:9,1
DA:10,1
DA:11,1
DA:12,1
DA:13,1
DA:14,1
DA:15,1
DA:16,1
DA:17,1
DA:18,1
DA:19,1
DA:20,1
DA:21,1
DA:22,1
DA:23,1
DA:24,1
DA:25,1
DA:26,1
DA:27,1
DA:28,2
DA:29,2
DA:30,2
DA:31,1
DA:32,1
DA:33,3
DA:34,3
DA:35,3
DA:36,3
DA:37,3
DA:38,3
DA:39,1
DA:40,1
DA:41,2
DA:42,2
DA:43,2
DA:44,2
DA:45,2
DA:46,3
DA:47,3
DA:48,3
DA:49,3
DA:50,1
DA:51,1
DA:52,1
DA:53,1
LF:53
LH:53
BRDA:53,0,0,1
BRDA:53,1,0,1
BRDA:53,2,0,0
BRDA:53,3,0,0
BRDA:53,4,0,0
BRDA:53,5,0,0
BRDA:53,6,0,1
BRDA:53,7,0,1
BRDA:53,8,0,1
BRDA:53,9,0,3
BRDA:53,10,0,5
BRDA:53,11,0,0
BRDA:53,12,0,3
BRDA:53,13,0,5
BRDA:53,14,0,4
BRDA:53,15,0,1
BRDA:53,16,0,7
BRDA:53,17,0,2
BRDA:53,18,0,5
BRDA:53,19,0,3
BRDA:53,20,0,5
BRDA:53,21,0,0
BRDA:53,22,0,9
BRDA:53,23,0,8
BRDA:53,24,0,8
BRDA:53,25,0,0
BRDA:53,26,0,16
BRDA:53,27,0,0
BRDA:53,28,0,0
BRDA:53,29,0,0
BRDA:53,30,0,0
BRDA:53,31,0,8
BRDA:53,32,0,8
BRDA:53,33,0,5
BRDA:53,34,0,0
BRDA:53,35,0,0
BRDA:53,36,0,3
BRDA:53,37,0,0
BRDA:53,38,0,2
BRDA:53,39,0,0
BRDA:53,40,0,0
BRDA:53,41,0,0
BRDA:53,42,0,0
BRDA:53,43,0,8
BRDA:53,44,0,7
BRDA:53,45,0,1
BRDA:53,46,0,8
BRDA:53,47,0,3
BRDA:53,48,0,1
BRDA:53,49,0,2
BRDA:53,50,0,0
BRDA:53,51,0,1
BRDA:53,52,0,0
BRDA:26,53,0,1
BRDA:27,54,0,2
BRDA:32,55,0,3
BRDA:53,56,0,3
BRDA:53,57,0,8
BRDA:53,58,0,3
BRDA:53,59,0,3
BRDA:38,60,0,1
BRDA:40,61,0,2
BRDA:53,62,0,2
BRF:63
BRH:43
end_of_record
TN:
SF:src\modules\users\services\AuthenticateUserService.ts
FN:59,__decorate
FN:59,__metadata
FN:59,__param
FN:59,__awaiter
FN:59,adopt
FN:59,fulfilled
FN:59,rejected
FN:59,step
FN:59,__generator
FN:59,sent
FN:59,g.<computed>
FN:59,verb
FN:59,step
FN:59,__importDefault
FN:24,AuthenticateUserService
FN:31,AuthenticateUserService.execute
FNF:16
FNH:14
FNDA:1,__decorate
FNDA:1,__metadata
FNDA:2,__param
FNDA:3,__awaiter
FNDA:5,adopt
FNDA:5,fulfilled
FNDA:0,rejected
FNDA:6,step
FNDA:3,__generator
FNDA:5,sent
FNDA:0,g.<computed>
FNDA:9,verb
FNDA:8,step
FNDA:2,__importDefault
FNDA:3,AuthenticateUserService
FNDA:3,AuthenticateUserService.execute
DA:1,1
DA:2,1
DA:3,1
DA:4,1
DA:5,1
DA:6,1
DA:7,1
DA:8,1
DA:9,1
DA:10,1
DA:11,1
DA:12,1
DA:13,1
DA:14,1
DA:15,1
DA:16,1
DA:17,1
DA:18,1
DA:19,1
DA:20,1
DA:21,1
DA:22,1
DA:23,1
DA:24,1
DA:25,3
DA:26,3
DA:27,3
DA:28,3
DA:29,3
DA:30,1
DA:31,1
DA:32,3
DA:33,3
DA:34,3
DA:35,3
DA:36,1
DA:37,1
DA:38,2
DA:39,2
DA:40,3
DA:41,3
DA:42,1
DA:43,1
DA:44,1
DA:45,1
DA:46,1
DA:47,1
DA:48,1
DA:49,1
DA:50,1
DA:51,1
DA:52,1
DA:53,1
DA:54,1
DA:55,1
DA:56,1
DA:57,1
DA:58,3
DA:59,1
LF:59
LH:59
BRDA:59,0,0,1
BRDA:59,1,0,1
BRDA:59,2,0,0
BRDA:59,3,0,0
BRDA:59,4,0,0
BRDA:59,5,0,0
BRDA:59,6,0,1
BRDA:59,7,0,2
BRDA:59,8,0,2
BRDA:59,9,0,3
BRDA:59,10,0,5
BRDA:59,11,0,0
BRDA:59,12,0,3
BRDA:59,13,0,5
BRDA:59,14,0,3
BRDA:59,15,0,2
BRDA:59,16,0,6
BRDA:59,17,0,1
BRDA:59,18,0,5
BRDA:59,19,0,3
BRDA:59,20,0,5
BRDA:59,21,0,0
BRDA:59,22,0,9
BRDA:59,23,0,8
BRDA:59,24,0,8
BRDA:59,25,0,0
BRDA:59,26,0,16
BRDA:59,27,0,0
BRDA:59,28,0,0
BRDA:59,29,0,0
BRDA:59,30,0,0
BRDA:59,31,0,8
BRDA:59,32,0,8
BRDA:59,33,0,5
BRDA:59,34,0,0
BRDA:59,35,0,0
BRDA:59,36,0,3
BRDA:59,37,0,0
BRDA:59,38,0,1
BRDA:59,39,0,0
BRDA:59,40,0,0
BRDA:59,41,0,0
BRDA:59,42,0,0
BRDA:59,43,0,8
BRDA:59,44,0,6
BRDA:59,45,0,2
BRDA:59,46,0,8
BRDA:59,47,0,3
BRDA:59,48,0,2
BRDA:59,49,0,1
BRDA:59,50,0,0
BRDA:59,51,0,2
BRDA:59,52,0,0
BRDA:23,53,0,1
BRDA:24,54,0,3
BRDA:31,55,0,3
BRDA:59,56,0,3
BRDA:59,57,0,8
BRDA:33,58,0,3
BRDA:59,59,0,3
BRDA:35,60,0,1
BRDA:37,61,0,2
BRDA:59,62,0,2
BRDA:41,63,0,1
BRF:64
BRH:44
end_of_record
TN:
SF:src\modules\users\services\CreateUserSevice.ts
FN:43,__decorate
FN:43,__metadata
FN:43,__param
FN:43,__awaiter
FN:43,adopt
FN:43,fulfilled
FN:43,rejected
FN:43,step
FN:43,__generator
FN:43,sent
FN:43,g.<computed>
FN:43,verb
FN:43,step
FN:43,__importDefault
FN:18,CreateUserService
FN:26,CreateUserService.execute
FNF:16
FNH:14
FNDA:2,__decorate
FNDA:2,__metadata
FNDA:4,__param
FNDA:5,__awaiter
FNDA:13,adopt
FNDA:13,fulfilled
FNDA:0,rejected
FNDA:17,step
FNDA:5,__generator
FNDA:13,sent
FNDA:0,g.<computed>
FNDA:15,verb
FNDA:18,step
FNDA:2,__importDefault
FNDA:4,CreateUserService
FNDA:5,CreateUserService.execute
DA:1,1
DA:2,1
DA:3,1
DA:4,1
DA:5,1
DA:6,1
DA:7,1
DA:8,1
DA:9,1
DA:10,1
DA:11,1
DA:12,1
DA:13,1
DA:14,1
DA:15,1
DA:16,1
DA:17,2
DA:18,2
DA:19,4
DA:20,4
DA:21,4
DA:22,4
DA:23,4
DA:24,4
DA:25,2
DA:26,2
DA:27,5
DA:28,5
DA:29,5
DA:30,1
DA:31,1
DA:32,4
DA:33,4
DA:34,5
DA:35,5
DA:36,5
DA:37,5
DA:38,5
DA:39,5
DA:40,5
DA:41,5
DA:42,5
DA:43,2
LF:43
LH:43
BRDA:43,0,0,2
BRDA:43,1,0,2
BRDA:43,2,0,0
BRDA:43,3,0,0
BRDA:43,4,0,0
BRDA:43,5,0,0
BRDA:43,6,0,2
BRDA:43,7,0,4
BRDA:43,8,0,4
BRDA:43,9,0,5
BRDA:43,10,0,13
BRDA:43,11,0,0
BRDA:43,12,0,5
BRDA:43,13,0,13
BRDA:43,14,0,12
BRDA:43,15,0,1
BRDA:43,16,0,17
BRDA:43,17,0,4
BRDA:43,18,0,13
BRDA:43,19,0,5
BRDA:43,20,0,13
BRDA:43,21,0,0
BRDA:43,22,0,15
BRDA:43,23,0,18
BRDA:43,24,0,18
BRDA:43,25,0,0
BRDA:43,26,0,36
BRDA:43,27,0,0
BRDA:43,28,0,0
BRDA:43,29,0,0
BRDA:43,30,0,0
BRDA:43,31,0,18
BRDA:43,32,0,18
BRDA:43,33,0,13
BRDA:43,34,0,0
BRDA:43,35,0,0
BRDA:43,36,0,5
BRDA:43,37,0,0
BRDA:43,38,0,4
BRDA:43,39,0,0
BRDA:43,40,0,0
BRDA:43,41,0,0
BRDA:43,42,0,0
BRDA:43,43,0,28
BRDA:43,44,0,18
BRDA:43,45,0,17
BRDA:43,46,0,1
BRDA:43,47,0,18
BRDA:43,48,0,5
BRDA:43,49,0,1
BRDA:43,50,0,4
BRDA:43,51,0,0
BRDA:43,52,0,2
BRDA:43,53,0,0
BRDA:17,54,0,2
BRDA:18,55,0,4
BRDA:26,56,0,5
BRDA:43,57,0,5
BRDA:43,58,0,18
BRDA:27,59,0,5
BRDA:43,60,0,5
BRDA:29,61,0,1
BRDA:31,62,0,4
BRDA:43,63,0,4
BRDA:43,64,0,4
BRF:65
BRH:45
end_of_record
TN:
SF:src\modules\users\services\UpdateUserAvatarService.ts
FN:1,(empty-report)
FNF:1
FNH:0
FNDA:0,(empty-report)
DA:1,0
DA:2,0
DA:3,0
DA:4,0
DA:5,0
DA:6,0
DA:7,0
DA:8,0
DA:9,0
DA:10,0
DA:11,0
DA:12,0
DA:13,0
DA:14,0
DA:15,0
DA:16,0
DA:17,0
DA:18,0
DA:19,0
DA:20,0
DA:21,0
DA:22,0
DA:23,0
DA:24,0
DA:25,0
DA:26,0
DA:27,0
DA:28,0
DA:29,0
DA:30,0
DA:31,0
DA:32,0
DA:33,0
DA:34,0
DA:35,0
DA:36,0
DA:37,0
DA:38,0
DA:39,0
DA:40,0
DA:41,0
DA:42,0
DA:43,0
DA:44,0
DA:45,0
DA:46,0
DA:47,0
LF:47
LH:0
BRDA:1,0,0,0
BRF:1
BRH:0
end_of_record
